[ 2015-09-23T19:27:07+08:00 ] 127.0.0.1 /chat./Images/Users/9d4afb83528875aef9e0380b7901d0ba/7cad699f5becc4222190d5525e25818c.jpg
INFO: [ app_init ] --START--
INFO: Run Behavior\BuildLiteBehavior [ RunTime:0.000000s ]
INFO: [ app_init ] --END-- [ RunTime:0.001000s ]
ERR: 无法加载模块:Images

[ 2015-09-23T19:27:07+08:00 ] 127.0.0.1 /chat./Images/Users/9d4afb83528875aef9e0380b7901d0ba/9d1d46b74186acfde11660c8c09f0a29.jpg
INFO: [ app_init ] --START--
INFO: Run Behavior\BuildLiteBehavior [ RunTime:0.000000s ]
INFO: [ app_init ] --END-- [ RunTime:0.000000s ]
ERR: 无法加载模块:Images

[ 2015-09-23T19:27:07+08:00 ] 127.0.0.1 /chat./Images/Users/9d4afb83528875aef9e0380b7901d0ba/9b2521c50121af1be26588a96003669d.jpg
INFO: [ app_init ] --START--
INFO: Run Behavior\BuildLiteBehavior [ RunTime:0.000000s ]
INFO: [ app_init ] --END-- [ RunTime:0.001000s ]
ERR: 无法加载模块:Images

[ 2015-09-23T19:35:07+08:00 ] 127.0.0.1 /chat./Images/Users/9d4afb83528875aef9e0380b7901d0ba/7cad699f5becc4222190d5525e25818c.jpg
INFO: [ app_init ] --START--
INFO: Run Behavior\BuildLiteBehavior [ RunTime:0.000000s ]
INFO: [ app_init ] --END-- [ RunTime:0.001000s ]
ERR: 无法加载模块:Images

[ 2015-09-23T19:35:07+08:00 ] 127.0.0.1 /chat./Images/Users/9d4afb83528875aef9e0380b7901d0ba/9d1d46b74186acfde11660c8c09f0a29.jpg
INFO: [ app_init ] --START--
INFO: Run Behavior\BuildLiteBehavior [ RunTime:0.000000s ]
INFO: [ app_init ] --END-- [ RunTime:0.000000s ]
ERR: 无法加载模块:Images

[ 2015-09-23T19:35:07+08:00 ] 127.0.0.1 /chat./Images/Users/9d4afb83528875aef9e0380b7901d0ba/9b2521c50121af1be26588a96003669d.jpg
INFO: [ app_init ] --START--
INFO: Run Behavior\BuildLiteBehavior [ RunTime:0.000000s ]
INFO: [ app_init ] --END-- [ RunTime:0.001000s ]
ERR: 无法加载模块:Images

[ 2015-09-23T19:35:07+08:00 ] 127.0.0.1 /chat./Images/Users/9d4afb83528875aef9e0380b7901d0ba/7cad699f5becc4222190d5525e25818c.jpg
INFO: [ app_init ] --START--
INFO: Run Behavior\BuildLiteBehavior [ RunTime:0.000000s ]
INFO: [ app_init ] --END-- [ RunTime:0.000000s ]
ERR: 无法加载模块:Images

[ 2015-09-23T19:35:07+08:00 ] 127.0.0.1 /chat./Images/Users/9d4afb83528875aef9e0380b7901d0ba/9d1d46b74186acfde11660c8c09f0a29.jpg
INFO: [ app_init ] --START--
INFO: Run Behavior\BuildLiteBehavior [ RunTime:0.000000s ]
INFO: [ app_init ] --END-- [ RunTime:0.002000s ]
ERR: 无法加载模块:Images

[ 2015-09-23T19:35:18+08:00 ] 127.0.0.1 /chat./Images/Users/9d4afb83528875aef9e0380b7901d0ba/7cad699f5becc4222190d5525e25818c.jpg
INFO: [ app_init ] --START--
INFO: Run Behavior\BuildLiteBehavior [ RunTime:0.000000s ]
INFO: [ app_init ] --END-- [ RunTime:0.000000s ]
ERR: 无法加载模块:Images

[ 2015-09-23T19:35:18+08:00 ] 127.0.0.1 /chat./Images/Users/9d4afb83528875aef9e0380b7901d0ba/9b2521c50121af1be26588a96003669d.jpg
INFO: [ app_init ] --START--
INFO: Run Behavior\BuildLiteBehavior [ RunTime:0.000000s ]
INFO: [ app_init ] --END-- [ RunTime:0.001000s ]
ERR: 无法加载模块:Images

[ 2015-09-23T19:35:18+08:00 ] 127.0.0.1 /chat./Images/Users/9d4afb83528875aef9e0380b7901d0ba/9d1d46b74186acfde11660c8c09f0a29.jpg
INFO: [ app_init ] --START--
INFO: Run Behavior\BuildLiteBehavior [ RunTime:0.000000s ]
INFO: [ app_init ] --END-- [ RunTime:0.000000s ]
ERR: 无法加载模块:Images

[ 2015-09-23T19:35:33+08:00 ] 127.0.0.1 /chat./Images/Users/9d4afb83528875aef9e0380b7901d0ba/7cad699f5becc4222190d5525e25818c.jpg
INFO: [ app_init ] --START--
INFO: Run Behavior\BuildLiteBehavior [ RunTime:0.000000s ]
INFO: [ app_init ] --END-- [ RunTime:0.000000s ]
ERR: 无法加载模块:Images

[ 2015-09-23T19:35:33+08:00 ] 127.0.0.1 /chat./Images/Users/9d4afb83528875aef9e0380b7901d0ba/9d1d46b74186acfde11660c8c09f0a29.jpg
INFO: [ app_init ] --START--
INFO: Run Behavior\BuildLiteBehavior [ RunTime:0.000000s ]
INFO: [ app_init ] --END-- [ RunTime:0.001001s ]
ERR: 无法加载模块:Images

[ 2015-09-23T19:35:33+08:00 ] 127.0.0.1 /chat./Images/Users/9d4afb83528875aef9e0380b7901d0ba/9b2521c50121af1be26588a96003669d.jpg
INFO: [ app_init ] --START--
INFO: Run Behavior\BuildLiteBehavior [ RunTime:0.000000s ]
INFO: [ app_init ] --END-- [ RunTime:0.000000s ]
ERR: 无法加载模块:Images

[ 2015-09-23T19:35:33+08:00 ] 127.0.0.1 /chat./Images/Users/9d4afb83528875aef9e0380b7901d0ba/7cad699f5becc4222190d5525e25818c.jpg
INFO: [ app_init ] --START--
INFO: Run Behavior\BuildLiteBehavior [ RunTime:0.001000s ]
INFO: [ app_init ] --END-- [ RunTime:0.001000s ]
ERR: 无法加载模块:Images

[ 2015-09-23T19:35:33+08:00 ] 127.0.0.1 /chat./Images/Users/9d4afb83528875aef9e0380b7901d0ba/9d1d46b74186acfde11660c8c09f0a29.jpg
INFO: [ app_init ] --START--
INFO: Run Behavior\BuildLiteBehavior [ RunTime:0.000000s ]
INFO: [ app_init ] --END-- [ RunTime:0.001001s ]
ERR: 无法加载模块:Images

[ 2015-09-23T19:35:51+08:00 ] 127.0.0.1 /chat./Images/Users/9d4afb83528875aef9e0380b7901d0ba/7cad699f5becc4222190d5525e25818c.jpg
INFO: [ app_init ] --START--
INFO: Run Behavior\BuildLiteBehavior [ RunTime:0.000000s ]
INFO: [ app_init ] --END-- [ RunTime:0.001000s ]
ERR: 无法加载模块:Images

[ 2015-09-23T19:35:51+08:00 ] 127.0.0.1 /chat./Images/Users/9d4afb83528875aef9e0380b7901d0ba/9d1d46b74186acfde11660c8c09f0a29.jpg
INFO: [ app_init ] --START--
INFO: Run Behavior\BuildLiteBehavior [ RunTime:0.000000s ]
INFO: [ app_init ] --END-- [ RunTime:0.001000s ]
ERR: 无法加载模块:Images

[ 2015-09-23T19:35:51+08:00 ] 127.0.0.1 /chat./Images/Users/9d4afb83528875aef9e0380b7901d0ba/9b2521c50121af1be26588a96003669d.jpg
INFO: [ app_init ] --START--
INFO: Run Behavior\BuildLiteBehavior [ RunTime:0.000000s ]
INFO: [ app_init ] --END-- [ RunTime:0.000000s ]
ERR: 无法加载模块:Images

